<?xml version="1.0" encoding="UTF-8"?>
<testng-results skipped="0" failed="0" total="1" passed="1">
  <reporter-output>
  </reporter-output>
  <suite name="Default suite" duration-ms="68529" started-at="2017-03-14T11:47:12Z" finished-at="2017-03-14T11:48:20Z">
    <groups>
    </groups>
    <test name="Default test" duration-ms="68529" started-at="2017-03-14T11:47:12Z" finished-at="2017-03-14T11:48:20Z">
      <class name="Com.powerblog.CreateSite">
        <test-method status="PASS" signature="f()[pri:0, instance:Com.powerblog.CreateSite@483bf400]" name="f" duration-ms="68495" started-at="2017-03-14T17:17:12Z" finished-at="2017-03-14T17:18:20Z">
          <reporter-output>
          </reporter-output>
        </test-method> <!-- f -->
      </class> <!-- Com.powerblog.CreateSite -->
    </test> <!-- Default test -->
  </suite> <!-- Default suite -->
</testng-results>
